<?xml version="1.0" encoding="UTF-8"?>
<!-- Generated by org.testng.reporters.JUnitReportReporter -->
<testsuite hostname="ACCTHNLTW0102-Rachana-J" failures="0" tests="1" name="testcases.LoginAtlas" time="12.469" errors="0" timestamp="2025-07-28T13:02:59 IST" skipped="0">
  <testcase classname="testcases.LoginAtlas" name="LoginTest" time="12.469"/>
</testsuite> <!-- testcases.LoginAtlas -->
